#
# There is insufficient memory for the Java Runtime Environment to continue.
# Native memory allocation (mmap) failed to map 54525952 bytes for Failed to commit area from 0x0000000711800000 to 0x0000000714c00000 of length 54525952.
# Possible reasons:
#   The system is out of physical RAM or swap space
#   The process is running with CompressedOops enabled, and the Java Heap may be blocking the growth of the native heap
# Possible solutions:
#   Reduce memory load on the system
#   Increase physical memory or swap space
#   Check if swap backing store is full
#   Decrease Java heap size (-Xmx/-Xms)
#   Decrease number of Java threads
#   Decrease Java thread stack sizes (-Xss)
#   Set larger code cache with -XX:ReservedCodeCacheSize=
#   JVM is running with Zero Based Compressed Oops mode in which the Java heap is
#     placed in the first 32GB address space. The Java Heap base address is the
#     maximum limit for the native heap growth. Please use -XX:HeapBaseMinAddress
#     to set the Java Heap base and to place the Java Heap above 32GB virtual address.
# This output file may be truncated or incomplete.
#
#  Out of Memory Error (./open/src/hotspot/os/windows/os_windows.cpp:3273), pid=10032, tid=18228
#
# JRE version: Java(TM) SE Runtime Environment 18.9 (11.0.11+9) (build 11.0.11+9-LTS-194)
# Java VM: Java HotSpot(TM) 64-Bit Server VM 18.9 (11.0.11+9-LTS-194, mixed mode, tiered, compressed oops, g1 gc, windows-amd64)
# No core dump will be written. Minidumps are not enabled by default on client versions of Windows
#

---------------  S U M M A R Y ------------

Command Line: -Dfile.encoding=windows-1250 -Duser.country=PL -Duser.language=pl -Duser.variant com.kodilla.transfersgateway.TransfersGatewayApplication

Host: Intel(R) Core(TM) i7-8550U CPU @ 1.80GHz, 8 cores, 15G,  Windows 10 , 64 bit Build 19041 (10.0.19041.1023)
Time: Tue Aug 10 12:53:54 2021 Œrodkowoeuropejski czas letni elapsed time: 5.279358 seconds (0d 0h 0m 5s)

---------------  T H R E A D  ---------------

Current thread (0x000001e1d6a06000):  VMThread "VM Thread" [stack: 0x0000009963e00000,0x0000009963f00000] [id=18228]

Stack: [0x0000009963e00000,0x0000009963f00000]
[error occurred during error reporting (printing stack bounds), id 0xc0000005, EXCEPTION_ACCESS_VIOLATION (0xc0000005) at pc=0x000001e1bab30f2d]

Native frames: (J=compiled Java code, j=interpreted, Vv=VM code, C=native code)
V  [jvm.dll+0x616f2a]
V  [jvm.dll+0x74de7f]
V  [jvm.dll+0x74f505]
V  [jvm.dll+0x74fae5]
V  [jvm.dll+0x74fa9b]
V  [jvm.dll+0x616763]
V  [jvm.dll+0x616b28]
C  [ntdll.dll+0xa217f]
C  [ntdll.dll+0x51454]
C  [ntdll.dll+0xa0cae]
C  0x000001e1bab30f2d

VM_Operation (0x00000099638fb740): G1CollectForAllocation, mode: safepoint, requested by thread 0x000001e1b26a7800


---------------  P R O C E S S  ---------------

Threads class SMR info:
_java_thread_list=0x000001e1db1ff040, length=13, elements={
0x000001e1b26a7800, 0x000001e1d6a29000, 0x000001e1d6a2a000, 0x000001e1d6a88800,
0x000001e1d6a8a800, 0x000001e1d6a8c000, 0x000001e1d6a90000, 0x000001e1d6a99000,
0x000001e1d6e68800, 0x000001e1d6bc1000, 0x000001e1d6f2c800, 0x000001e1d8f02800,
0x000001e1d936f800
}

Java Threads: ( => current thread )
  0x000001e1b26a7800 JavaThread "main" [_thread_blocked, id=18956, stack(0x0000009963800000,0x0000009963900000)]
  0x000001e1d6a29000 JavaThread "Reference Handler" daemon [_thread_blocked, id=13688, stack(0x0000009963f00000,0x0000009964000000)]
  0x000001e1d6a2a000 JavaThread "Finalizer" daemon [_thread_blocked, id=18484, stack(0x0000009964000000,0x0000009964100000)]
  0x000001e1d6a88800 JavaThread "Signal Dispatcher" daemon [_thread_blocked, id=23632, stack(0x0000009964100000,0x0000009964200000)]
  0x000001e1d6a8a800 JavaThread "Attach Listener" daemon [_thread_blocked, id=20460, stack(0x0000009964200000,0x0000009964300000)]
  0x000001e1d6a8c000 JavaThread "C2 CompilerThread0" daemon [_thread_blocked, id=5596, stack(0x0000009964300000,0x0000009964400000)]
  0x000001e1d6a90000 JavaThread "C1 CompilerThread0" daemon [_thread_blocked, id=9360, stack(0x0000009964400000,0x0000009964500000)]
  0x000001e1d6a99000 JavaThread "Sweeper thread" daemon [_thread_blocked, id=23648, stack(0x0000009964500000,0x0000009964600000)]
  0x000001e1d6e68800 JavaThread "Service Thread" daemon [_thread_blocked, id=17356, stack(0x0000009964600000,0x0000009964700000)]
  0x000001e1d6bc1000 JavaThread "Common-Cleaner" daemon [_thread_blocked, id=12404, stack(0x0000009964800000,0x0000009964900000)]
  0x000001e1d6f2c800 JavaThread "Keep-Alive-Timer" daemon [_thread_blocked, id=18900, stack(0x0000009964900000,0x0000009964a00000)]
  0x000001e1d8f02800 JavaThread "C2 CompilerThread1" daemon [_thread_blocked, id=14944, stack(0x0000009965000000,0x0000009965100000)]
  0x000001e1d936f800 JavaThread "C2 CompilerThread2" daemon [_thread_blocked, id=24652, stack(0x0000009965200000,0x0000009965300000)]

Other Threads:
=>0x000001e1d6a06000 VMThread "VM Thread" [stack: 0x0000009963e00000,0x0000009963f00000] [id=18228]
  0x000001e1d6bc0000 WatcherThread [stack: 0x0000009964700000,0x0000009964800000] [id=13580]
  0x000001e1b26bb800 GCTaskThread "GC Thread#0" [stack: 0x0000009963900000,0x0000009963a00000] [id=13024]
  0x000001e1d8269000 GCTaskThread "GC Thread#1" [stack: 0x0000009964b00000,0x0000009964c00000] [id=14540]
  0x000001e1d812b000 GCTaskThread "GC Thread#2" [stack: 0x0000009964c00000,0x0000009964d00000] [id=3580]
  0x000001e1d78a2800 GCTaskThread "GC Thread#3" [stack: 0x0000009964d00000,0x0000009964e00000] [id=8228]
  0x000001e1d84f2000 GCTaskThread "GC Thread#4" [stack: 0x0000009964e00000,0x0000009964f00000] [id=8596]
  0x000001e1d839a000 GCTaskThread "GC Thread#5" [stack: 0x0000009964f00000,0x0000009965000000] [id=6940]
  0x000001e1b2717800 ConcurrentGCThread "G1 Main Marker" [stack: 0x0000009963a00000,0x0000009963b00000] [id=12160]
  0x000001e1b2719000 ConcurrentGCThread "G1 Conc#0" [stack: 0x0000009963b00000,0x0000009963c00000] [id=7504]
  0x000001e1d7b19800 ConcurrentGCThread "G1 Conc#1" [stack: 0x0000009965100000,0x0000009965200000] [id=23292]
  0x000001e1b275e800 ConcurrentGCThread "G1 Refine#0" [stack: 0x0000009963c00000,0x0000009963d00000] [id=13764]
  0x000001e1d5d25000 ConcurrentGCThread "G1 Young RemSet Sampling" [stack: 0x0000009963d00000,0x0000009963e00000] [id=14776]

Threads with active compile tasks:
C2 CompilerThread0   5296 4696   !   4       org.aspectj.weaver.World::resolve (293 bytes)
C2 CompilerThread1   5296 4728   !   4       org.springframework.core.annotation.AnnotationsScanner::processMethodHierarchy (286 bytes)
C2 CompilerThread2   5296 4694   !   4       org.springframework.boot.context.properties.source.SpringConfigurationPropertySource::getConfigurationProperty (118 bytes)

VM state:at safepoint (normal execution)

VM Mutex/Monitor currently owned by a thread:  ([mutex/lock_event])
[0x000001e1b26a3f10] Threads_lock - owner thread: 0x000001e1d6a06000
[0x000001e1b26a2bf0] Heap_lock - owner thread: 0x000001e1b26a7800

Heap address: 0x0000000701800000, size: 4072 MB, Compressed Oops mode: Zero based, Oop shift amount: 3
Narrow klass base: 0x0000000800000000, Narrow klass shift: 0
Compressed class space size: 1073741824 Address: 0x0000000800000000

Heap:
 garbage-first heap   total 315392K, used 21630K [0x0000000701800000, 0x0000000800000000)
  region size 1024K, 14 young (14336K), 14 survivors (14336K)
 Metaspace       used 48067K, capacity 49172K, committed 49280K, reserved 1091584K
  class space    used 5772K, capacity 6250K, committed 6272K, reserved 1048576K
Heap Regions: E=young(eden), S=young(survivor), O=old, HS=humongous(starts), HC=humongous(continues), CS=collection set, F=free, A=archive, TAMS=top-at-mark-start (previous, next)
|   0|0x0000000701800000, 0x0000000701900000, 0x0000000701900000|100%| O|  |TAMS 0x0000000701900000, 0x0000000701800000| Untracked 
|   1|0x0000000701900000, 0x0000000701a00000, 0x0000000701a00000|100%| O|  |TAMS 0x0000000701a00000, 0x0000000701900000| Untracked 
|   2|0x0000000701a00000, 0x0000000701b00000, 0x0000000701b00000|100%| O|  |TAMS 0x0000000701b00000, 0x0000000701a00000| Untracked 
|   3|0x0000000701b00000, 0x0000000701c00000, 0x0000000701c00000|100%| O|  |TAMS 0x0000000701c00000, 0x0000000701b00000| Untracked 
|   4|0x0000000701c00000, 0x0000000701d00000, 0x0000000701d00000|100%| O|  |TAMS 0x0000000701d00000, 0x0000000701c00000| Untracked 
|   5|0x0000000701d00000, 0x0000000701e00000, 0x0000000701e00000|100%| O|  |TAMS 0x0000000701e00000, 0x0000000701d00000| Untracked 
|   6|0x0000000701e00000, 0x0000000701f00000, 0x0000000701f00000|100%| O|  |TAMS 0x0000000701f00000, 0x0000000701e00000| Untracked 
|   7|0x0000000701f00000, 0x0000000701f6a400, 0x0000000702000000| 41%| O|  |TAMS 0x0000000701f6a400, 0x0000000701f00000| Untracked 
|   8|0x0000000702000000, 0x0000000702000000, 0x0000000702100000|  0%| F|  |TAMS 0x0000000702000000, 0x0000000702000000| Untracked 
|   9|0x0000000702100000, 0x0000000702100000, 0x0000000702200000|  0%| F|  |TAMS 0x0000000702100000, 0x0000000702100000| Untracked 
|  10|0x0000000702200000, 0x0000000702200000, 0x0000000702300000|  0%| F|  |TAMS 0x0000000702200000, 0x0000000702200000| Untracked 
|  11|0x0000000702300000, 0x0000000702300000, 0x0000000702400000|  0%| F|  |TAMS 0x0000000702300000, 0x0000000702300000| Untracked 
|  12|0x0000000702400000, 0x0000000702400000, 0x0000000702500000|  0%| F|  |TAMS 0x0000000702400000, 0x0000000702400000| Untracked 
|  13|0x0000000702500000, 0x0000000702500000, 0x0000000702600000|  0%| F|  |TAMS 0x0000000702500000, 0x0000000702500000| Untracked 
|  14|0x0000000702600000, 0x0000000702600000, 0x0000000702700000|  0%| F|  |TAMS 0x0000000702600000, 0x0000000702600000| Untracked 
|  15|0x0000000702700000, 0x0000000702700000, 0x0000000702800000|  0%| F|  |TAMS 0x0000000702700000, 0x0000000702700000| Untracked 
|  16|0x0000000702800000, 0x0000000702800000, 0x0000000702900000|  0%| F|  |TAMS 0x0000000702800000, 0x0000000702800000| Untracked 
|  17|0x0000000702900000, 0x0000000702900000, 0x0000000702a00000|  0%| F|  |TAMS 0x0000000702900000, 0x0000000702900000| Untracked 
|  18|0x0000000702a00000, 0x0000000702a00000, 0x0000000702b00000|  0%| F|  |TAMS 0x0000000702a00000, 0x0000000702a00000| Untracked 
|  19|0x0000000702b00000, 0x0000000702b00000, 0x0000000702c00000|  0%| F|  |TAMS 0x0000000702b00000, 0x0000000702b00000| Untracked 
|  20|0x0000000702c00000, 0x0000000702c00000, 0x0000000702d00000|  0%| F|  |TAMS 0x0000000702c00000, 0x0000000702c00000| Untracked 
|  21|0x0000000702d00000, 0x0000000702d00000, 0x0000000702e00000|  0%| F|  |TAMS 0x0000000702d00000, 0x0000000702d00000| Untracked 
|  22|0x0000000702e00000, 0x0000000702e00000, 0x0000000702f00000|  0%| F|  |TAMS 0x0000000702e00000, 0x0000000702e00000| Untracked 
|  23|0x0000000702f00000, 0x0000000702f00000, 0x0000000703000000|  0%| F|  |TAMS 0x0000000702f00000, 0x0000000702f00000| Untracked 
|  24|0x0000000703000000, 0x0000000703000000, 0x0000000703100000|  0%| F|  |TAMS 0x0000000703000000, 0x0000000703000000| Untracked 
|  25|0x0000000703100000, 0x0000000703100000, 0x0000000703200000|  0%| F|  |TAMS 0x0000000703100000, 0x0000000703100000| Untracked 
|  26|0x0000000703200000, 0x0000000703200000, 0x0000000703300000|  0%| F|  |TAMS 0x0000000703200000, 0x0000000703200000| Untracked 
|  27|0x0000000703300000, 0x0000000703300000, 0x0000000703400000|  0%| F|  |TAMS 0x0000000703300000, 0x0000000703300000| Untracked 
|  28|0x0000000703400000, 0x0000000703400000, 0x0000000703500000|  0%| F|  |TAMS 0x0000000703400000, 0x0000000703400000| Untracked 
|  29|0x0000000703500000, 0x0000000703500000, 0x0000000703600000|  0%| F|  |TAMS 0x0000000703500000, 0x0000000703500000| Untracked 
|  30|0x0000000703600000, 0x0000000703600000, 0x0000000703700000|  0%| F|  |TAMS 0x0000000703600000, 0x0000000703600000| Untracked 
|  31|0x0000000703700000, 0x0000000703700000, 0x0000000703800000|  0%| F|  |TAMS 0x0000000703700000, 0x0000000703700000| Untracked 
|  32|0x0000000703800000, 0x0000000703800000, 0x0000000703900000|  0%| F|  |TAMS 0x0000000703800000, 0x0000000703800000| Untracked 
|  33|0x0000000703900000, 0x0000000703900000, 0x0000000703a00000|  0%| F|  |TAMS 0x0000000703900000, 0x0000000703900000| Untracked 
|  34|0x0000000703a00000, 0x0000000703a00000, 0x0000000703b00000|  0%| F|  |TAMS 0x0000000703a00000, 0x0000000703a00000| Untracked 
|  35|0x0000000703b00000, 0x0000000703b00000, 0x0000000703c00000|  0%| F|  |TAMS 0x0000000703b00000, 0x0000000703b00000| Untracked 
|  36|0x0000000703c00000, 0x0000000703c00000, 0x0000000703d00000|  0%| F|  |TAMS 0x0000000703c00000, 0x0000000703c00000| Untracked 
|  37|0x0000000703d00000, 0x0000000703d00000, 0x0000000703e00000|  0%| F|  |TAMS 0x0000000703d00000, 0x0000000703d00000| Untracked 
|  38|0x0000000703e00000, 0x0000000703e00000, 0x0000000703f00000|  0%| F|  |TAMS 0x0000000703e00000, 0x0000000703e00000| Untracked 
|  39|0x0000000703f00000, 0x0000000703f00000, 0x0000000704000000|  0%| F|  |TAMS 0x0000000703f00000, 0x0000000703f00000| Untracked 
|  40|0x0000000704000000, 0x0000000704000000, 0x0000000704100000|  0%| F|  |TAMS 0x0000000704000000, 0x0000000704000000| Untracked 
|  41|0x0000000704100000, 0x0000000704100000, 0x0000000704200000|  0%| F|  |TAMS 0x0000000704100000, 0x0000000704100000| Untracked 
|  42|0x0000000704200000, 0x0000000704200000, 0x0000000704300000|  0%| F|  |TAMS 0x0000000704200000, 0x0000000704200000| Untracked 
|  43|0x0000000704300000, 0x0000000704300000, 0x0000000704400000|  0%| F|  |TAMS 0x0000000704300000, 0x0000000704300000| Untracked 
|  44|0x0000000704400000, 0x0000000704400000, 0x0000000704500000|  0%| F|  |TAMS 0x0000000704400000, 0x0000000704400000| Untracked 
|  45|0x0000000704500000, 0x0000000704500000, 0x0000000704600000|  0%| F|  |TAMS 0x0000000704500000, 0x0000000704500000| Untracked 
|  46|0x0000000704600000, 0x0000000704600000, 0x0000000704700000|  0%| F|  |TAMS 0x0000000704600000, 0x0000000704600000| Untracked 
|  47|0x0000000704700000, 0x0000000704700000, 0x0000000704800000|  0%| F|  |TAMS 0x0000000704700000, 0x0000000704700000| Untracked 
|  48|0x0000000704800000, 0x0000000704800000, 0x0000000704900000|  0%| F|  |TAMS 0x0000000704800000, 0x0000000704800000| Untracked 
|  49|0x0000000704900000, 0x0000000704900000, 0x0000000704a00000|  0%| F|  |TAMS 0x0000000704900000, 0x0000000704900000| Untracked 
|  50|0x0000000704a00000, 0x0000000704a00000, 0x0000000704b00000|  0%| F|  |TAMS 0x0000000704a00000, 0x0000000704a00000| Untracked 
|  51|0x0000000704b00000, 0x0000000704b00000, 0x0000000704c00000|  0%| F|  |TAMS 0x0000000704b00000, 0x0000000704b00000| Untracked 
|  52|0x0000000704c00000, 0x0000000704c00000, 0x0000000704d00000|  0%| F|  |TAMS 0x0000000704c00000, 0x0000000704c00000| Untracked 
|  53|0x0000000704d00000, 0x0000000704d00000, 0x0000000704e00000|  0%| F|  |TAMS 0x0000000704d00000, 0x0000000704d00000| Untracked 
|  54|0x0000000704e00000, 0x0000000704e00000, 0x0000000704f00000|  0%| F|  |TAMS 0x0000000704e00000, 0x0000000704e00000| Untracked 
|  55|0x0000000704f00000, 0x0000000704f00000, 0x0000000705000000|  0%| F|  |TAMS 0x0000000704f00000, 0x0000000704f00000| Untracked 
|  56|0x0000000705000000, 0x0000000705000000, 0x0000000705100000|  0%| F|  |TAMS 0x0000000705000000, 0x0000000705000000| Untracked 
|  57|0x0000000705100000, 0x0000000705100000, 0x0000000705200000|  0%| F|  |TAMS 0x0000000705100000, 0x0000000705100000| Untracked 
|  58|0x0000000705200000, 0x0000000705200000, 0x0000000705300000|  0%| F|  |TAMS 0x0000000705200000, 0x0000000705200000| Untracked 
|  59|0x0000000705300000, 0x0000000705300000, 0x0000000705400000|  0%| F|  |TAMS 0x0000000705300000, 0x0000000705300000| Untracked 
|  60|0x0000000705400000, 0x0000000705400000, 0x0000000705500000|  0%| F|  |TAMS 0x0000000705400000, 0x0000000705400000| Untracked 
|  61|0x0000000705500000, 0x0000000705500000, 0x0000000705600000|  0%| F|  |TAMS 0x0000000705500000, 0x0000000705500000| Untracked 
|  62|0x0000000705600000, 0x0000000705600000, 0x0000000705700000|  0%| F|  |TAMS 0x0000000705600000, 0x0000000705600000| Untracked 
|  63|0x0000000705700000, 0x0000000705700000, 0x0000000705800000|  0%| F|  |TAMS 0x0000000705700000, 0x0000000705700000| Untracked 
|  64|0x0000000705800000, 0x0000000705800000, 0x0000000705900000|  0%| F|  |TAMS 0x0000000705800000, 0x0000000705800000| Untracked 
|  65|0x0000000705900000, 0x0000000705900000, 0x0000000705a00000|  0%| F|  |TAMS 0x0000000705900000, 0x0000000705900000| Untracked 
|  66|0x0000000705a00000, 0x0000000705a00000, 0x0000000705b00000|  0%| F|  |TAMS 0x0000000705a00000, 0x0000000705a00000| Untracked 
|  67|0x0000000705b00000, 0x0000000705b00000, 0x0000000705c00000|  0%| F|  |TAMS 0x0000000705b00000, 0x0000000705b00000| Untracked 
|  68|0x0000000705c00000, 0x0000000705c00000, 0x0000000705d00000|  0%| F|  |TAMS 0x0000000705c00000, 0x0000000705c00000| Untracked 
|  69|0x0000000705d00000, 0x0000000705d00000, 0x0000000705e00000|  0%| F|  |TAMS 0x0000000705d00000, 0x0000000705d00000| Untracked 
|  70|0x0000000705e00000, 0x0000000705e00000, 0x0000000705f00000|  0%| F|  |TAMS 0x0000000705e00000, 0x0000000705e00000| Untracked 
|  71|0x0000000705f00000, 0x0000000705f00000, 0x0000000706000000|  0%| F|  |TAMS 0x0000000705f00000, 0x0000000705f00000| Untracked 
|  72|0x0000000706000000, 0x0000000706000000, 0x0000000706100000|  0%| F|  |TAMS 0x0000000706000000, 0x0000000706000000| Untracked 
|  73|0x0000000706100000, 0x0000000706100000, 0x0000000706200000|  0%| F|  |TAMS 0x0000000706100000, 0x0000000706100000| Untracked 
|  74|0x0000000706200000, 0x0000000706200000, 0x0000000706300000|  0%| F|  |TAMS 0x0000000706200000, 0x0000000706200000| Untracked 
|  75|0x0000000706300000, 0x0000000706300000, 0x0000000706400000|  0%| F|  |TAMS 0x0000000706300000, 0x0000000706300000| Untracked 
|  76|0x0000000706400000, 0x0000000706400000, 0x0000000706500000|  0%| F|  |TAMS 0x0000000706400000, 0x0000000706400000| Untracked 
|  77|0x0000000706500000, 0x0000000706500000, 0x0000000706600000|  0%| F|  |TAMS 0x0000000706500000, 0x0000000706500000| Untracked 
|  78|0x0000000706600000, 0x0000000706600000, 0x0000000706700000|  0%| F|  |TAMS 0x0000000706600000, 0x0000000706600000| Untracked 
|  79|0x0000000706700000, 0x0000000706700000, 0x0000000706800000|  0%| F|  |TAMS 0x0000000706700000, 0x0000000706700000| Untracked 
|  80|0x0000000706800000, 0x0000000706800000, 0x0000000706900000|  0%| F|  |TAMS 0x0000000706800000, 0x0000000706800000| Untracked 
|  81|0x0000000706900000, 0x0000000706900000, 0x0000000706a00000|  0%| F|  |TAMS 0x0000000706900000, 0x0000000706900000| Untracked 
|  82|0x0000000706a00000, 0x0000000706a00000, 0x0000000706b00000|  0%| F|  |TAMS 0x0000000706a00000, 0x0000000706a00000| Untracked 
|  83|0x0000000706b00000, 0x0000000706b00000, 0x0000000706c00000|  0%| F|  |TAMS 0x0000000706b00000, 0x0000000706b00000| Untracked 
|  84|0x0000000706c00000, 0x0000000706c00000, 0x0000000706d00000|  0%| F|  |TAMS 0x0000000706c00000, 0x0000000706c00000| Untracked 
|  85|0x0000000706d00000, 0x0000000706d00000, 0x0000000706e00000|  0%| F|  |TAMS 0x0000000706d00000, 0x0000000706d00000| Untracked 
|  86|0x0000000706e00000, 0x0000000706e00000, 0x0000000706f00000|  0%| F|  |TAMS 0x0000000706e00000, 0x0000000706e00000| Untracked 
|  87|0x0000000706f00000, 0x0000000706f00000, 0x0000000707000000|  0%| F|  |TAMS 0x0000000706f00000, 0x0000000706f00000| Untracked 
|  88|0x0000000707000000, 0x0000000707000000, 0x0000000707100000|  0%| F|  |TAMS 0x0000000707000000, 0x0000000707000000| Untracked 
|  89|0x0000000707100000, 0x00000007071b57e8, 0x0000000707200000| 70%| S|CS|TAMS 0x0000000707100000, 0x0000000707100000| Complete 
|  90|0x0000000707200000, 0x0000000707300000, 0x0000000707300000|100%| S|CS|TAMS 0x0000000707200000, 0x0000000707200000| Complete 
|  91|0x0000000707300000, 0x0000000707400000, 0x0000000707400000|100%| S|CS|TAMS 0x0000000707300000, 0x0000000707300000| Complete 
|  92|0x0000000707400000, 0x0000000707500000, 0x0000000707500000|100%| S|CS|TAMS 0x0000000707400000, 0x0000000707400000| Complete 
|  93|0x0000000707500000, 0x0000000707600000, 0x0000000707600000|100%| S|CS|TAMS 0x0000000707500000, 0x0000000707500000| Complete 
|  94|0x0000000707600000, 0x0000000707700000, 0x0000000707700000|100%| S|CS|TAMS 0x0000000707600000, 0x0000000707600000| Complete 
|  95|0x0000000707700000, 0x0000000707800000, 0x0000000707800000|100%| S|CS|TAMS 0x0000000707700000, 0x0000000707700000| Complete 
|  96|0x0000000707800000, 0x0000000707900000, 0x0000000707900000|100%| S|CS|TAMS 0x0000000707800000, 0x0000000707800000| Complete 
|  97|0x0000000707900000, 0x0000000707a00000, 0x0000000707a00000|100%| S|CS|TAMS 0x0000000707900000, 0x0000000707900000| Complete 
|  98|0x0000000707a00000, 0x0000000707b00000, 0x0000000707b00000|100%| S|CS|TAMS 0x0000000707a00000, 0x0000000707a00000| Complete 
|  99|0x0000000707b00000, 0x0000000707c00000, 0x0000000707c00000|100%| S|CS|TAMS 0x0000000707b00000, 0x0000000707b00000| Complete 
| 100|0x0000000707c00000, 0x0000000707d00000, 0x0000000707d00000|100%| S|CS|TAMS 0x0000000707c00000, 0x0000000707c00000| Complete 
| 101|0x0000000707d00000, 0x0000000707e00000, 0x0000000707e00000|100%| S|CS|TAMS 0x0000000707d00000, 0x0000000707d00000| Complete 
| 102|0x0000000707e00000, 0x0000000707f00000, 0x0000000707f00000|100%| S|CS|TAMS 0x0000000707e00000, 0x0000000707e00000| Complete 
| 103|0x0000000707f00000, 0x0000000707f00000, 0x0000000708000000|  0%| F|  |TAMS 0x0000000707f00000, 0x0000000707f00000| Untracked 
| 104|0x0000000708000000, 0x0000000708000000, 0x0000000708100000|  0%| F|  |TAMS 0x0000000708000000, 0x0000000708000000| Untracked 
| 105|0x0000000708100000, 0x0000000708100000, 0x0000000708200000|  0%| F|  |TAMS 0x0000000708100000, 0x0000000708100000| Untracked 
| 106|0x0000000708200000, 0x0000000708200000, 0x0000000708300000|  0%| F|  |TAMS 0x0000000708200000, 0x0000000708200000| Untracked 
| 107|0x0000000708300000, 0x0000000708300000, 0x0000000708400000|  0%| F|  |TAMS 0x0000000708300000, 0x0000000708300000| Untracked 
| 108|0x0000000708400000, 0x0000000708400000, 0x0000000708500000|  0%| F|  |TAMS 0x0000000708400000, 0x0000000708400000| Untracked 
| 109|0x0000000708500000, 0x0000000708500000, 0x0000000708600000|  0%| F|  |TAMS 0x0000000708500000, 0x0000000708500000| Untracked 
| 110|0x0000000708600000, 0x0000000708600000, 0x0000000708700000|  0%| F|  |TAMS 0x0000000708600000, 0x0000000708600000| Untracked 
| 111|0x0000000708700000, 0x0000000708700000, 0x0000000708800000|  0%| F|  |TAMS 0x0000000708700000, 0x0000000708700000| Untracked 
| 112|0x0000000708800000, 0x0000000708800000, 0x0000000708900000|  0%| F|  |TAMS 0x0000000708800000, 0x0000000708800000| Untracked 
| 113|0x0000000708900000, 0x0000000708900000, 0x0000000708a00000|  0%| F|  |TAMS 0x0000000708900000, 0x0000000708900000| Untracked 
| 114|0x0000000708a00000, 0x0000000708a00000, 0x0000000708b00000|  0%| F|  |TAMS 0x0000000708a00000, 0x0000000708a00000| Untracked 
| 115|0x0000000708b00000, 0x0000000708b00000, 0x0000000708c00000|  0%| F|  |TAMS 0x0000000708b00000, 0x0000000708b00000| Untracked 
| 116|0x0000000708c00000, 0x0000000708c00000, 0x0000000708d00000|  0%| F|  |TAMS 0x0000000708c00000, 0x0000000708c00000| Untracked 
| 117|0x0000000708d00000, 0x0000000708d00000, 0x0000000708e00000|  0%| F|  |TAMS 0x0000000708d00000, 0x0000000708d00000| Untracked 
| 118|0x0000000708e00000, 0x0000000708e00000, 0x0000000708f00000|  0%| F|  |TAMS 0x0000000708e00000, 0x0000000708e00000| Untracked 
| 119|0x0000000708f00000, 0x0000000708f00000, 0x0000000709000000|  0%| F|  |TAMS 0x0000000708f00000, 0x0000000708f00000| Untracked 
| 120|0x0000000709000000, 0x0000000709000000, 0x0000000709100000|  0%| F|  |TAMS 0x0000000709000000, 0x0000000709000000| Untracked 
| 121|0x0000000709100000, 0x0000000709100000, 0x0000000709200000|  0%| F|  |TAMS 0x0000000709100000, 0x0000000709100000| Untracked 
| 122|0x0000000709200000, 0x0000000709200000, 0x0000000709300000|  0%| F|  |TAMS 0x0000000709200000, 0x0000000709200000| Untracked 
| 123|0x0000000709300000, 0x0000000709300000, 0x0000000709400000|  0%| F|  |TAMS 0x0000000709300000, 0x0000000709300000| Untracked 
| 124|0x0000000709400000, 0x0000000709400000, 0x0000000709500000|  0%| F|  |TAMS 0x0000000709400000, 0x0000000709400000| Untracked 
| 125|0x0000000709500000, 0x0000000709500000, 0x0000000709600000|  0%| F|  |TAMS 0x0000000709500000, 0x0000000709500000| Untracked 
| 126|0x0000000709600000, 0x0000000709600000, 0x0000000709700000|  0%| F|  |TAMS 0x0000000709600000, 0x0000000709600000| Untracked 
| 127|0x0000000709700000, 0x0000000709700000, 0x0000000709800000|  0%| F|  |TAMS 0x0000000709700000, 0x0000000709700000| Untracked 
| 128|0x0000000709800000, 0x0000000709800000, 0x0000000709900000|  0%| F|  |TAMS 0x0000000709800000, 0x0000000709800000| Untracked 
| 129|0x0000000709900000, 0x0000000709900000, 0x0000000709a00000|  0%| F|  |TAMS 0x0000000709900000, 0x0000000709900000| Untracked 
| 130|0x0000000709a00000, 0x0000000709a00000, 0x0000000709b00000|  0%| F|  |TAMS 0x0000000709a00000, 0x0000000709a00000| Untracked 
| 131|0x0000000709b00000, 0x0000000709b00000, 0x0000000709c00000|  0%| F|  |TAMS 0x0000000709b00000, 0x0000000709b00000| Untracked 
| 132|0x0000000709c00000, 0x0000000709c00000, 0x0000000709d00000|  0%| F|  |TAMS 0x0000000709c00000, 0x0000000709c00000| Untracked 
| 133|0x0000000709d00000, 0x0000000709d00000, 0x0000000709e00000|  0%| F|  |TAMS 0x0000000709d00000, 0x0000000709d00000| Untracked 
| 134|0x0000000709e00000, 0x0000000709e00000, 0x0000000709f00000|  0%| F|  |TAMS 0x0000000709e00000, 0x0000000709e00000| Untracked 
| 135|0x0000000709f00000, 0x0000000709f00000, 0x000000070a000000|  0%| F|  |TAMS 0x0000000709f00000, 0x0000000709f00000| Untracked 
| 136|0x000000070a000000, 0x000000070a000000, 0x000000070a100000|  0%| F|  |TAMS 0x000000070a000000, 0x000000070a000000| Untracked 
| 137|0x000000070a100000, 0x000000070a100000, 0x000000070a200000|  0%| F|  |TAMS 0x000000070a100000, 0x000000070a100000| Untracked 
| 138|0x000000070a200000, 0x000000070a200000, 0x000000070a300000|  0%| F|  |TAMS 0x000000070a200000, 0x000000070a200000| Untracked 
| 139|0x000000070a300000, 0x000000070a300000, 0x000000070a400000|  0%| F|  |TAMS 0x000000070a300000, 0x000000070a300000| Untracked 
| 140|0x000000070a400000, 0x000000070a400000, 0x000000070a500000|  0%| F|  |TAMS 0x000000070a400000, 0x000000070a400000| Untracked 
| 141|0x000000070a500000, 0x000000070a500000, 0x000000070a600000|  0%| F|  |TAMS 0x000000070a500000, 0x000000070a500000| Untracked 
| 142|0x000000070a600000, 0x000000070a600000, 0x000000070a700000|  0%| F|  |TAMS 0x000000070a600000, 0x000000070a600000| Untracked 
| 143|0x000000070a700000, 0x000000070a700000, 0x000000070a800000|  0%| F|  |TAMS 0x000000070a700000, 0x000000070a700000| Untracked 
| 144|0x000000070a800000, 0x000000070a800000, 0x000000070a900000|  0%| F|  |TAMS 0x000000070a800000, 0x000000070a800000| Untracked 
| 145|0x000000070a900000, 0x000000070a900000, 0x000000070aa00000|  0%| F|  |TAMS 0x000000070a900000, 0x000000070a900000| Untracked 
| 146|0x000000070aa00000, 0x000000070aa00000, 0x000000070ab00000|  0%| F|  |TAMS 0x000000070aa00000, 0x000000070aa00000| Untracked 
| 147|0x000000070ab00000, 0x000000070ab00000, 0x000000070ac00000|  0%| F|  |TAMS 0x000000070ab00000, 0x000000070ab00000| Untracked 
| 148|0x000000070ac00000, 0x000000070ac00000, 0x000000070ad00000|  0%| F|  |TAMS 0x000000070ac00000, 0x000000070ac00000| Untracked 
| 149|0x000000070ad00000, 0x000000070ad00000, 0x000000070ae00000|  0%| F|  |TAMS 0x000000070ad00000, 0x000000070ad00000| Untracked 
| 150|0x000000070ae00000, 0x000000070ae00000, 0x000000070af00000|  0%| F|  |TAMS 0x000000070ae00000, 0x000000070ae00000| Untracked 
| 151|0x000000070af00000, 0x000000070af00000, 0x000000070b000000|  0%| F|  |TAMS 0x000000070af00000, 0x000000070af00000| Untracked 
| 152|0x000000070b000000, 0x000000070b000000, 0x000000070b100000|  0%| F|  |TAMS 0x000000070b000000, 0x000000070b000000| Untracked 
| 153|0x000000070b100000, 0x000000070b100000, 0x000000070b200000|  0%| F|  |TAMS 0x000000070b100000, 0x000000070b100000| Untracked 
| 154|0x000000070b200000, 0x000000070b200000, 0x000000070b300000|  0%| F|  |TAMS 0x000000070b200000, 0x000000070b200000| Untracked 
| 155|0x000000070b300000, 0x000000070b300000, 0x000000070b400000|  0%| F|  |TAMS 0x000000070b300000, 0x000000070b300000| Untracked 
| 156|0x000000070b400000, 0x000000070b400000, 0x000000070b500000|  0%| F|  |TAMS 0x000000070b400000, 0x000000070b400000| Untracked 
| 157|0x000000070b500000, 0x000000070b500000, 0x000000070b600000|  0%| F|  |TAMS 0x000000070b500000, 0x000000070b500000| Untracked 
| 158|0x000000070b600000, 0x000000070b600000, 0x000000070b700000|  0%| F|  |TAMS 0x000000070b600000, 0x000000070b600000| Untracked 
| 159|0x000000070b700000, 0x000000070b700000, 0x000000070b800000|  0%| F|  |TAMS 0x000000070b700000, 0x000000070b700000| Untracked 
| 160|0x000000070b800000, 0x000000070b800000, 0x000000070b900000|  0%| F|  |TAMS 0x000000070b800000, 0x000000070b800000| Untracked 
| 161|0x000000070b900000, 0x000000070b900000, 0x000000070ba00000|  0%| F|  |TAMS 0x000000070b900000, 0x000000070b900000| Untracked 
| 162|0x000000070ba00000, 0x000000070ba00000, 0x000000070bb00000|  0%| F|  |TAMS 0x000000070ba00000, 0x000000070ba00000| Untracked 
| 163|0x000000070bb00000, 0x000000070bb00000, 0x000000070bc00000|  0%| F|  |TAMS 0x000000070bb00000, 0x000000070bb00000| Untracked 
| 164|0x000000070bc00000, 0x000000070bc00000, 0x000000070bd00000|  0%| F|  |TAMS 0x000000070bc00000, 0x000000070bc00000| Untracked 
| 165|0x000000070bd00000, 0x000000070bd00000, 0x000000070be00000|  0%| F|  |TAMS 0x000000070bd00000, 0x000000070bd00000| Untracked 
| 166|0x000000070be00000, 0x000000070be00000, 0x000000070bf00000|  0%| F|  |TAMS 0x000000070be00000, 0x000000070be00000| Untracked 
| 167|0x000000070bf00000, 0x000000070bf00000, 0x000000070c000000|  0%| F|  |TAMS 0x000000070bf00000, 0x000000070bf00000| Untracked 
| 168|0x000000070c000000, 0x000000070c000000, 0x000000070c100000|  0%| F|  |TAMS 0x000000070c000000, 0x000000070c000000| Untracked 
| 169|0x000000070c100000, 0x000000070c100000, 0x000000070c200000|  0%| F|  |TAMS 0x000000070c100000, 0x000000070c100000| Untracked 
| 170|0x000000070c200000, 0x000000070c200000, 0x000000070c300000|  0%| F|  |TAMS 0x000000070c200000, 0x000000070c200000| Untracked 
| 171|0x000000070c300000, 0x000000070c300000, 0x000000070c400000|  0%| F|  |TAMS 0x000000070c300000, 0x000000070c300000| Untracked 
| 172|0x000000070c400000, 0x000000070c400000, 0x000000070c500000|  0%| F|  |TAMS 0x000000070c400000, 0x000000070c400000| Untracked 
| 173|0x000000070c500000, 0x000000070c500000, 0x000000070c600000|  0%| F|  |TAMS 0x000000070c500000, 0x000000070c500000| Untracked 
| 174|0x000000070c600000, 0x000000070c600000, 0x000000070c700000|  0%| F|  |TAMS 0x000000070c600000, 0x000000070c600000| Untracked 
| 175|0x000000070c700000, 0x000000070c700000, 0x000000070c800000|  0%| F|  |TAMS 0x000000070c700000, 0x000000070c700000| Untracked 
| 176|0x000000070c800000, 0x000000070c800000, 0x000000070c900000|  0%| F|  |TAMS 0x000000070c800000, 0x000000070c800000| Untracked 
| 177|0x000000070c900000, 0x000000070c900000, 0x000000070ca00000|  0%| F|  |TAMS 0x000000070c900000, 0x000000070c900000| Untracked 
| 178|0x000000070ca00000, 0x000000070ca00000, 0x000000070cb00000|  0%| F|  |TAMS 0x000000070ca00000, 0x000000070ca00000| Untracked 
| 179|0x000000070cb00000, 0x000000070cb00000, 0x000000070cc00000|  0%| F|  |TAMS 0x000000070cb00000, 0x000000070cb00000| Untracked 
| 180|0x000000070cc00000, 0x000000070cc00000, 0x000000070cd00000|  0%| F|  |TAMS 0x000000070cc00000, 0x000000070cc00000| Untracked 
| 181|0x000000070cd00000, 0x000000070cd00000, 0x000000070ce00000|  0%| F|  |TAMS 0x000000070cd00000, 0x000000070cd00000| Untracked 
| 182|0x000000070ce00000, 0x000000070ce00000, 0x000000070cf00000|  0%| F|  |TAMS 0x000000070ce00000, 0x000000070ce00000| Untracked 
| 183|0x000000070cf00000, 0x000000070cf00000, 0x000000070d000000|  0%| F|  |TAMS 0x000000070cf00000, 0x000000070cf00000| Untracked 
| 184|0x000000070d000000, 0x000000070d000000, 0x000000070d100000|  0%| F|  |TAMS 0x000000070d000000, 0x000000070d000000| Untracked 
| 185|0x000000070d100000, 0x000000070d100000, 0x000000070d200000|  0%| F|  |TAMS 0x000000070d100000, 0x000000070d100000| Untracked 
| 186|0x000000070d200000, 0x000000070d200000, 0x000000070d300000|  0%| F|  |TAMS 0x000000070d200000, 0x000000070d200000| Untracked 
| 187|0x000000070d300000, 0x000000070d300000, 0x000000070d400000|  0%| F|  |TAMS 0x000000070d300000, 0x000000070d300000| Untracked 
| 188|0x000000070d400000, 0x000000070d400000, 0x000000070d500000|  0%| F|  |TAMS 0x000000070d400000, 0x000000070d400000| Untracked 
| 189|0x000000070d500000, 0x000000070d500000, 0x000000070d600000|  0%| F|  |TAMS 0x000000070d500000, 0x000000070d500000| Untracked 
| 190|0x000000070d600000, 0x000000070d600000, 0x000000070d700000|  0%| F|  |TAMS 0x000000070d600000, 0x000000070d600000| Untracked 
| 191|0x000000070d700000, 0x000000070d700000, 0x000000070d800000|  0%| F|  |TAMS 0x000000070d700000, 0x000000070d700000| Untracked 
| 192|0x000000070d800000, 0x000000070d800000, 0x000000070d900000|  0%| F|  |TAMS 0x000000070d800000, 0x000000070d800000| Untracked 
| 193|0x000000070d900000, 0x000000070d900000, 0x000000070da00000|  0%| F|  |TAMS 0x000000070d900000, 0x000000070d900000| Untracked 
| 194|0x000000070da00000, 0x000000070da00000, 0x000000070db00000|  0%| F|  |TAMS 0x000000070da00000, 0x000000070da00000| Untracked 
| 195|0x000000070db00000, 0x000000070db00000, 0x000000070dc00000|  0%| F|  |TAMS 0x000000070db00000, 0x000000070db00000| Untracked 
| 196|0x000000070dc00000, 0x000000070dc00000, 0x000000070dd00000|  0%| F|  |TAMS 0x000000070dc00000, 0x000000070dc00000| Untracked 
| 197|0x000000070dd00000, 0x000000070dd00000, 0x000000070de00000|  0%| F|  |TAMS 0x000000070dd00000, 0x000000070dd00000| Untracked 
| 198|0x000000070de00000, 0x000000070de00000, 0x000000070df00000|  0%| F|  |TAMS 0x000000070de00000, 0x000000070de00000| Untracked 
| 199|0x000000070df00000, 0x000000070df00000, 0x000000070e000000|  0%| F|  |TAMS 0x000000070df00000, 0x000000070df00000| Untracked 
| 200|0x000000070e000000, 0x000000070e000000, 0x000000070e100000|  0%| F|  |TAMS 0x000000070e000000, 0x000000070e000000| Untracked 
| 201|0x000000070e100000, 0x000000070e100000, 0x000000070e200000|  0%| F|  |TAMS 0x000000070e100000, 0x000000070e100000| Untracked 
| 202|0x000000070e200000, 0x000000070e200000, 0x000000070e300000|  0%| F|  |TAMS 0x000000070e200000, 0x000000070e200000| Untracked 
| 203|0x000000070e300000, 0x000000070e300000, 0x000000070e400000|  0%| F|  |TAMS 0x000000070e300000, 0x000000070e300000| Untracked 
| 204|0x000000070e400000, 0x000000070e400000, 0x000000070e500000|  0%| F|  |TAMS 0x000000070e400000, 0x000000070e400000| Untracked 
| 205|0x000000070e500000, 0x000000070e500000, 0x000000070e600000|  0%| F|  |TAMS 0x000000070e500000, 0x000000070e500000| Untracked 
| 206|0x000000070e600000, 0x000000070e600000, 0x000000070e700000|  0%| F|  |TAMS 0x000000070e600000, 0x000000070e600000| Untracked 
| 207|0x000000070e700000, 0x000000070e700000, 0x000000070e800000|  0%| F|  |TAMS 0x000000070e700000, 0x000000070e700000| Untracked 
| 208|0x000000070e800000, 0x000000070e800000, 0x000000070e900000|  0%| F|  |TAMS 0x000000070e800000, 0x000000070e800000| Untracked 
| 209|0x000000070e900000, 0x000000070e900000, 0x000000070ea00000|  0%| F|  |TAMS 0x000000070e900000, 0x000000070e900000| Untracked 
| 210|0x000000070ea00000, 0x000000070ea00000, 0x000000070eb00000|  0%| F|  |TAMS 0x000000070ea00000, 0x000000070ea00000| Untracked 
| 211|0x000000070eb00000, 0x000000070eb00000, 0x000000070ec00000|  0%| F|  |TAMS 0x000000070eb00000, 0x000000070eb00000| Untracked 
| 212|0x000000070ec00000, 0x000000070ec00000, 0x000000070ed00000|  0%| F|  |TAMS 0x000000070ec00000, 0x000000070ec00000| Untracked 
| 213|0x000000070ed00000, 0x000000070ed00000, 0x000000070ee00000|  0%| F|  |TAMS 0x000000070ed00000, 0x000000070ed00000| Untracked 
| 214|0x000000070ee00000, 0x000000070ee00000, 0x000000070ef00000|  0%| F|  |TAMS 0x000000070ee00000, 0x000000070ee00000| Untracked 
| 215|0x000000070ef00000, 0x000000070ef00000, 0x000000070f000000|  0%| F|  |TAMS 0x000000070ef00000, 0x000000070ef00000| Untracked 
| 216|0x000000070f000000, 0x000000070f000000, 0x000000070f100000|  0%| F|  |TAMS 0x000000070f000000, 0x000000070f000000| Untracked 
| 217|0x000000070f100000, 0x000000070f100000, 0x000000070f200000|  0%| F|  |TAMS 0x000000070f100000, 0x000000070f100000| Untracked 
| 218|0x000000070f200000, 0x000000070f200000, 0x000000070f300000|  0%| F|  |TAMS 0x000000070f200000, 0x000000070f200000| Untracked 
| 219|0x000000070f300000, 0x000000070f300000, 0x000000070f400000|  0%| F|  |TAMS 0x000000070f300000, 0x000000070f300000| Untracked 
| 220|0x000000070f400000, 0x000000070f400000, 0x000000070f500000|  0%| F|  |TAMS 0x000000070f400000, 0x000000070f400000| Untracked 
| 221|0x000000070f500000, 0x000000070f500000, 0x000000070f600000|  0%| F|  |TAMS 0x000000070f500000, 0x000000070f500000| Untracked 
| 222|0x000000070f600000, 0x000000070f600000, 0x000000070f700000|  0%| F|  |TAMS 0x000000070f600000, 0x000000070f600000| Untracked 
| 223|0x000000070f700000, 0x000000070f700000, 0x000000070f800000|  0%| F|  |TAMS 0x000000070f700000, 0x000000070f700000| Untracked 
| 224|0x000000070f800000, 0x000000070f800000, 0x000000070f900000|  0%| F|  |TAMS 0x000000070f800000, 0x000000070f800000| Untracked 
| 225|0x000000070f900000, 0x000000070f900000, 0x000000070fa00000|  0%| F|  |TAMS 0x000000070f900000, 0x000000070f900000| Untracked 
| 226|0x000000070fa00000, 0x000000070fa00000, 0x000000070fb00000|  0%| F|  |TAMS 0x000000070fa00000, 0x000000070fa00000| Untracked 
| 227|0x000000070fb00000, 0x000000070fb00000, 0x000000070fc00000|  0%| F|  |TAMS 0x000000070fb00000, 0x000000070fb00000| Untracked 
| 228|0x000000070fc00000, 0x000000070fc00000, 0x000000070fd00000|  0%| F|  |TAMS 0x000000070fc00000, 0x000000070fc00000| Untracked 
| 229|0x000000070fd00000, 0x000000070fd00000, 0x000000070fe00000|  0%| F|  |TAMS 0x000000070fd00000, 0x000000070fd00000| Untracked 
| 230|0x000000070fe00000, 0x000000070fe00000, 0x000000070ff00000|  0%| F|  |TAMS 0x000000070fe00000, 0x000000070fe00000| Untracked 
| 231|0x000000070ff00000, 0x000000070ff00000, 0x0000000710000000|  0%| F|  |TAMS 0x000000070ff00000, 0x000000070ff00000| Untracked 
| 232|0x0000000710000000, 0x0000000710000000, 0x0000000710100000|  0%| F|  |TAMS 0x0000000710000000, 0x0000000710000000| Untracked 
| 233|0x0000000710100000, 0x0000000710100000, 0x0000000710200000|  0%| F|  |TAMS 0x0000000710100000, 0x0000000710100000| Untracked 
| 234|0x0000000710200000, 0x0000000710200000, 0x0000000710300000|  0%| F|  |TAMS 0x0000000710200000, 0x0000000710200000| Untracked 
| 235|0x0000000710300000, 0x0000000710300000, 0x0000000710400000|  0%| F|  |TAMS 0x0000000710300000, 0x0000000710300000| Untracked 
| 236|0x0000000710400000, 0x0000000710400000, 0x0000000710500000|  0%| F|  |TAMS 0x0000000710400000, 0x0000000710400000| Untracked 
| 237|0x0000000710500000, 0x0000000710500000, 0x0000000710600000|  0%| F|  |TAMS 0x0000000710500000, 0x0000000710500000| Untracked 
| 238|0x0000000710600000, 0x0000000710600000, 0x0000000710700000|  0%| F|  |TAMS 0x0000000710600000, 0x0000000710600000| Untracked 
| 239|0x0000000710700000, 0x0000000710700000, 0x0000000710800000|  0%| F|  |TAMS 0x0000000710700000, 0x0000000710700000| Untracked 
| 240|0x0000000710800000, 0x0000000710800000, 0x0000000710900000|  0%| F|  |TAMS 0x0000000710800000, 0x0000000710800000| Untracked 
| 241|0x0000000710900000, 0x0000000710900000, 0x0000000710a00000|  0%| F|  |TAMS 0x0000000710900000, 0x0000000710900000| Untracked 
| 242|0x0000000710a00000, 0x0000000710a00000, 0x0000000710b00000|  0%| F|  |TAMS 0x0000000710a00000, 0x0000000710a00000| Untracked 
| 243|0x0000000710b00000, 0x0000000710b00000, 0x0000000710c00000|  0%| F|  |TAMS 0x0000000710b00000, 0x0000000710b00000| Untracked 
| 244|0x0000000710c00000, 0x0000000710c00000, 0x0000000710d00000|  0%| F|  |TAMS 0x0000000710c00000, 0x0000000710c00000| Untracked 
| 245|0x0000000710d00000, 0x0000000710d00000, 0x0000000710e00000|  0%| F|  |TAMS 0x0000000710d00000, 0x0000000710d00000| Untracked 
| 246|0x0000000710e00000, 0x0000000710e00000, 0x0000000710f00000|  0%| F|  |TAMS 0x0000000710e00000, 0x0000000710e00000| Untracked 
| 247|0x0000000710f00000, 0x0000000710f00000, 0x0000000711000000|  0%| F|  |TAMS 0x0000000710f00000, 0x0000000710f00000| Untracked 
| 248|0x0000000711000000, 0x0000000711000000, 0x0000000711100000|  0%| F|  |TAMS 0x0000000711000000, 0x0000000711000000| Untracked 
| 249|0x0000000711100000, 0x0000000711100000, 0x0000000711200000|  0%| F|  |TAMS 0x0000000711100000, 0x0000000711100000| Untracked 
| 250|0x0000000711200000, 0x0000000711200000, 0x0000000711300000|  0%| F|  |TAMS 0x0000000711200000, 0x0000000711200000| Untracked 
| 251|0x0000000711300000, 0x0000000711300000, 0x0000000711400000|  0%| F|  |TAMS 0x0000000711300000, 0x0000000711300000| Untracked 
| 252|0x0000000711400000, 0x0000000711400000, 0x0000000711500000|  0%| F|  |TAMS 0x0000000711400000, 0x0000000711400000| Untracked 
| 253|0x0000000711500000, 0x0000000711500000, 0x0000000711600000|  0%| F|  |TAMS 0x0000000711500000, 0x0000000711500000| Untracked 
| 254|0x0000000711600000, 0x0000000711600000, 0x0000000711700000|  0%| F|  |TAMS 0x0000000711600000, 0x0000000711600000| Untracked 
| 255|0x0000000711700000, 0x0000000711700000, 0x0000000711800000|  0%| F|  |TAMS 0x0000000711700000, 0x0000000711700000| Untracked 

Card table byte_map: [0x000001e1ca670000,0x000001e1cae70000] _byte_map_base: 0x000001e1c6e64000

Marking Bits (Prev, Next): (CMBitMap*) 0x000001e1b2706ff8, (CMBitMap*) 0x000001e1b2707030
 Prev Bits: [0x000001e1cb670000, 0x000001e1cf610000)
 Next Bits: [0x000001e1cf610000, 0x000001e1d35b0000)

Polling page: 0x000001e1b05f0000

Metaspace:

Usage:
  Non-class:     41.92 MB capacity,    41.30 MB ( 99%) used,   489.48 KB (  1%) free+waste,   137.13 KB ( <1%) overhead. 
      Class:      6.10 MB capacity,     5.64 MB ( 92%) used,   414.01 KB (  7%) free+waste,    63.69 KB (  1%) overhead. 
       Both:     48.02 MB capacity,    46.94 MB ( 98%) used,   903.49 KB (  2%) free+waste,   200.81 KB ( <1%) overhead. 

Virtual space:
  Non-class space:       42.00 MB reserved,      42.00 MB (100%) committed 
      Class space:        1.00 GB reserved,       6.13 MB ( <1%) committed 
             Both:        1.04 GB reserved,      48.13 MB (  5%) committed 

Chunk freelists:
   Non-Class:  2.75 KB
       Class:  2.75 KB
        Both:  5.50 KB

CodeHeap 'non-profiled nmethods': size=120000Kb used=3298Kb max_used=3298Kb free=116702Kb
 bounds [0x000001e1c2600000, 0x000001e1c2940000, 0x000001e1c9b30000]
CodeHeap 'profiled nmethods': size=120000Kb used=11249Kb max_used=11249Kb free=108750Kb
 bounds [0x000001e1bb0d0000, 0x000001e1bbbd0000, 0x000001e1c2600000]
CodeHeap 'non-nmethods': size=5760Kb used=1177Kb max_used=1263Kb free=4582Kb
 bounds [0x000001e1bab30000, 0x000001e1bada0000, 0x000001e1bb0d0000]
 total_blobs=5315 nmethods=4797 adapters=428
 compilation: enabled
              stopped_count=0, restarted_count=0
 full_count=0

Compilation events (10 events):
Event: 5.251 Thread 0x000001e1d6a90000 4828       3       java.util.Collections$UnmodifiableMap$UnmodifiableEntrySet$1::next (5 bytes)
Event: 5.251 Thread 0x000001e1d6a90000 nmethod 4828 0x000001e1bbbca090 code [0x000001e1bbbca2a0, 0x000001e1bbbca9f8]
Event: 5.251 Thread 0x000001e1d6a90000 4829       3       java.util.Collections$UnmodifiableMap$UnmodifiableEntrySet$1::next (20 bytes)
Event: 5.251 Thread 0x000001e1d6a90000 nmethod 4829 0x000001e1bbbcac10 code [0x000001e1bbbcae00, 0x000001e1bbbcb4f8]
Event: 5.252 Thread 0x000001e1d6a90000 4830       3       org.apache.commons.configuration.MapConfiguration$1$1::<init> (15 bytes)
Event: 5.252 Thread 0x000001e1d6a90000 nmethod 4830 0x000001e1bbbcb710 code [0x000001e1bbbcb8c0, 0x000001e1bbbcbad8]
Event: 5.252 Thread 0x000001e1d6a90000 4831       3       org.apache.commons.configuration.MapConfiguration$1$1::getKey (5 bytes)
Event: 5.252 Thread 0x000001e1d6a90000 nmethod 4831 0x000001e1bbbcbb90 code [0x000001e1bbbcbd60, 0x000001e1bbbcc078]
Event: 5.252 Thread 0x000001e1d6a90000 4832       3       org.apache.commons.configuration.MapConfiguration$1$1::getKey (13 bytes)
Event: 5.252 Thread 0x000001e1d6a90000 nmethod 4832 0x000001e1bbbcc190 code [0x000001e1bbbcc340, 0x000001e1bbbcc5d8]

GC Heap History (10 events):
Event: 0.777 GC heap after
{Heap after GC invocations=2 (full 0):
 garbage-first heap   total 262144K, used 8866K [0x0000000701800000, 0x0000000800000000)
  region size 1024K, 2 young (2048K), 2 survivors (2048K)
 Metaspace       used 14588K, capacity 14920K, committed 15232K, reserved 1062912K
  class space    used 1444K, capacity 1555K, committed 1664K, reserved 1048576K
}
Event: 1.195 GC heap before
{Heap before GC invocations=2 (full 0):
 garbage-first heap   total 262144K, used 50850K [0x0000000701800000, 0x0000000800000000)
  region size 1024K, 44 young (45056K), 2 survivors (2048K)
 Metaspace       used 20716K, capacity 21139K, committed 21248K, reserved 1069056K
  class space    used 2280K, capacity 2464K, committed 2560K, reserved 1048576K
}
Event: 1.198 GC heap after
{Heap after GC invocations=3 (full 0):
 garbage-first heap   total 262144K, used 10170K [0x0000000701800000, 0x0000000800000000)
  region size 1024K, 3 young (3072K), 3 survivors (3072K)
 Metaspace       used 20716K, capacity 21139K, committed 21248K, reserved 1069056K
  class space    used 2280K, capacity 2464K, committed 2560K, reserved 1048576K
}
Event: 2.941 GC heap before
{Heap before GC invocations=4 (full 0):
 garbage-first heap   total 262144K, used 118714K [0x0000000701800000, 0x0000000800000000)
  region size 1024K, 109 young (111616K), 3 survivors (3072K)
 Metaspace       used 33377K, capacity 34040K, committed 34176K, reserved 1079296K
  class space    used 3906K, capacity 4159K, committed 4224K, reserved 1048576K
}
Event: 2.946 GC heap after
{Heap after GC invocations=5 (full 0):
 garbage-first heap   total 262144K, used 14385K [0x0000000701800000, 0x0000000800000000)
  region size 1024K, 7 young (7168K), 7 survivors (7168K)
 Metaspace       used 33377K, capacity 34040K, committed 34176K, reserved 1079296K
  class space    used 3906K, capacity 4159K, committed 4224K, reserved 1048576K
}
Event: 3.272 GC heap before
{Heap before GC invocations=5 (full 0):
 garbage-first heap   total 262144K, used 153649K [0x0000000701800000, 0x0000000800000000)
  region size 1024K, 143 young (146432K), 7 survivors (7168K)
 Metaspace       used 34151K, capacity 34825K, committed 35072K, reserved 1079296K
  class space    used 3982K, capacity 4239K, committed 4352K, reserved 1048576K
}
Event: 3.277 GC heap after
{Heap after GC invocations=6 (full 0):
 garbage-first heap   total 262144K, used 15649K [0x0000000701800000, 0x0000000800000000)
  region size 1024K, 8 young (8192K), 8 survivors (8192K)
 Metaspace       used 34151K, capacity 34825K, committed 35072K, reserved 1079296K
  class space    used 3982K, capacity 4239K, committed 4352K, reserved 1048576K
}
Event: 3.422 GC heap before
{Heap before GC invocations=6 (full 0):
 garbage-first heap   total 262144K, used 62753K [0x0000000701800000, 0x0000000800000000)
  region size 1024K, 55 young (56320K), 8 survivors (8192K)
 Metaspace       used 35004K, capacity 35704K, committed 35840K, reserved 1081344K
  class space    used 4084K, capacity 4355K, committed 4480K, reserved 1048576K
}
Event: 3.427 GC heap after
{Heap after GC invocations=7 (full 0):
 garbage-first heap   total 262144K, used 15785K [0x0000000701800000, 0x0000000800000000)
  region size 1024K, 8 young (8192K), 8 survivors (8192K)
 Metaspace       used 35004K, capacity 35704K, committed 35840K, reserved 1081344K
  class space    used 4084K, capacity 4355K, committed 4480K, reserved 1048576K
}
Event: 5.266 GC heap before
{Heap before GC invocations=8 (full 0):
 garbage-first heap   total 262144K, used 164265K [0x0000000701800000, 0x0000000800000000)
  region size 1024K, 153 young (156672K), 8 survivors (8192K)
 Metaspace       used 48067K, capacity 49172K, committed 49280K, reserved 1091584K
  class space    used 5772K, capacity 6250K, committed 6272K, reserved 1048576K
}

Deoptimization events (10 events):
Event: 4.851 Thread 0x000001e1b26a7800 Uncommon trap: reason=unstable_if action=reinterpret pc=0x000001e1c2778488 method=java.util.Properties.loadConvert([CIILjava/lang/StringBuilder;)Ljava/lang/String; @ 130 c2
Event: 4.935 Thread 0x000001e1b26a7800 Uncommon trap: reason=speculate_class_check action=maybe_recompile pc=0x000001e1c270d460 method=java.util.zip.InflaterInputStream.read([BII)I @ 100 c2
Event: 4.935 Thread 0x000001e1b26a7800 Uncommon trap: reason=speculate_class_check action=maybe_recompile pc=0x000001e1c270d460 method=java.util.zip.InflaterInputStream.read([BII)I @ 100 c2
Event: 4.938 Thread 0x000001e1b26a7800 Uncommon trap: reason=speculate_class_check action=maybe_recompile pc=0x000001e1c270d460 method=java.util.zip.InflaterInputStream.read([BII)I @ 100 c2
Event: 4.938 Thread 0x000001e1b26a7800 Uncommon trap: reason=speculate_class_check action=maybe_recompile pc=0x000001e1c270d460 method=java.util.zip.InflaterInputStream.read([BII)I @ 100 c2
Event: 4.976 Thread 0x000001e1b26a7800 Uncommon trap: reason=unstable_if action=reinterpret pc=0x000001e1c263cb90 method=java.util.jar.Manifest$FastInputStream.readLine([BII)I @ 106 c2
Event: 5.131 Thread 0x000001e1b26a7800 Uncommon trap: reason=unstable_if action=reinterpret pc=0x000001e1c2905dc0 method=org.aspectj.apache.bcel.classfile.Attribute.readAttribute(Ljava/io/DataInputStream;Lorg/aspectj/apache/bcel/classfile/ConstantPool;)Lorg/aspectj/apache/bcel/classfile/Attrib
Event: 5.207 Thread 0x000001e1b26a7800 Uncommon trap: reason=unstable_if action=reinterpret pc=0x000001e1c28c80ec method=org.aspectj.apache.bcel.classfile.Constant.readConstant(Ljava/io/DataInputStream;)Lorg/aspectj/apache/bcel/classfile/Constant; @ 6 c2
Event: 5.216 Thread 0x000001e1b26a7800 Uncommon trap: reason=unstable_if action=reinterpret pc=0x000001e1c26de518 method=jdk.internal.org.objectweb.asm.Frame.push(Ljdk/internal/org/objectweb/asm/ClassWriter;Ljava/lang/String;)V @ 18 c2
Event: 5.217 Thread 0x000001e1b26a7800 Uncommon trap: reason=unstable_if action=reinterpret pc=0x000001e1c26f618c method=jdk.internal.org.objectweb.asm.Type.getArgumentsAndReturnSizes(Ljava/lang/String;)I @ 41 c2

Classes redefined (0 events):
No events

Internal exceptions (10 events):
Event: 5.134 Thread 0x000001e1b26a7800 Exception <a 'java/lang/NoSuchMethodError'{0x0000000708b73020}: java.lang.invoke.DirectMethodHandle$Holder.invokeStaticInit(Ljava/lang/Object;Ljava/lang/Object;Ljava/lang/Object;Ljava/lang/Object;)Ljava/lang/Object;> (0x0000000708b73020) thrown at [./open
Event: 5.137 Thread 0x000001e1b26a7800 Exception <a 'java/lang/IncompatibleClassChangeError'{0x0000000708b8c3e0}: Found class java.lang.Object, but interface was expected> (0x0000000708b8c3e0) thrown at [./open/src/hotspot/share/interpreter/linkResolver.cpp, line 838]
Event: 5.138 Thread 0x000001e1b26a7800 Exception <a 'java/lang/IncompatibleClassChangeError'{0x0000000708b9b098}: Found class java.lang.Object, but interface was expected> (0x0000000708b9b098) thrown at [./open/src/hotspot/share/interpreter/linkResolver.cpp, line 838]
Event: 5.142 Thread 0x000001e1b26a7800 Exception <a 'java/lang/IncompatibleClassChangeError'{0x0000000708bce208}: Found class java.lang.Object, but interface was expected> (0x0000000708bce208) thrown at [./open/src/hotspot/share/interpreter/linkResolver.cpp, line 838]
Event: 5.216 Thread 0x000001e1b26a7800 Exception <a 'java/lang/NoSuchMethodError'{0x0000000708271210}: java.lang.invoke.DirectMethodHandle$Holder.invokeVirtual(Ljava/lang/Object;Ljava/lang/Object;)J> (0x0000000708271210) thrown at [./open/src/hotspot/share/interpreter/linkResolver.cpp, line 77
Event: 5.223 Thread 0x000001e1b26a7800 Exception <a 'java/lang/NoSuchMethodError'{0x00000007082d2bf0}: java.lang.invoke.DirectMethodHandle$Holder.invokeSpecial(Ljava/lang/Object;Ljava/lang/Object;Ljava/lang/Object;Ljava/lang/Object;Ljava/lang/Object;Ljava/lang/Object;Ljava/lang/Object;Ljava/la
Event: 5.223 Thread 0x000001e1b26a7800 Exception <a 'java/lang/NoSuchMethodError'{0x00000007082d7090}: java.lang.invoke.Invokers$Holder.linkToTargetMethod(Ljava/lang/Object;Ljava/lang/Object;Ljava/lang/Object;Ljava/lang/Object;Ljava/lang/Object;Ljava/lang/Object;Ljava/lang/Object;Ljava/lang/Ob
Event: 5.228 Thread 0x000001e1b26a7800 Exception <a 'java/lang/NoSuchMethodError'{0x000000070811cd08}: java.lang.invoke.DirectMethodHandle$Holder.invokeStatic(Ljava/lang/Object;Ljava/lang/Object;)D> (0x000000070811cd08) thrown at [./open/src/hotspot/share/interpreter/linkResolver.cpp, line 772
Event: 5.235 Thread 0x000001e1b26a7800 Exception <a 'java/lang/NoSuchMethodError'{0x0000000708180b98}: java.lang.invoke.DirectMethodHandle$Holder.invokeSpecial(Ljava/lang/Object;Ljava/lang/Object;Ljava/lang/Object;)D> (0x0000000708180b98) thrown at [./open/src/hotspot/share/interpreter/linkRes
Event: 5.253 Thread 0x000001e1b26a7800 Exception <a 'java/lang/reflect/InvocationTargetException'{0x00000007080e4e40}> (0x00000007080e4e40) thrown at [./open/src/hotspot/share/runtime/reflection.cpp, line 1242]

Events (10 events):
Event: 5.265 loading class com/netflix/config/DynamicPropertySupport done
Event: 5.265 loading class com/netflix/config/DynamicContextualProperty
Event: 5.265 loading class com/netflix/config/DynamicContextualProperty done
Event: 5.265 loading class com/netflix/config/ConfigurationBackedDynamicPropertySupportImpl
Event: 5.265 loading class com/netflix/config/ConfigurationBackedDynamicPropertySupportImpl done
Event: 5.265 loading class com/netflix/config/DynamicProperty$DynamicPropertyListener
Event: 5.265 loading class com/netflix/config/DynamicProperty$DynamicPropertyListener done
Event: 5.266 loading class com/netflix/config/ExpandedConfigurationListenerAdapter
Event: 5.266 loading class com/netflix/config/ExpandedConfigurationListenerAdapter done
Event: 5.266 Executing VM operation: G1CollectForAllocation


Dynamic libraries:
0x00007ff7b7bb0000 - 0x00007ff7b7bbf000 	C:\Program Files\Java\jdk-11.0.11\bin\java.exe
0x00007ffeb7b70000 - 0x00007ffeb7d65000 	C:\WINDOWS\SYSTEM32\ntdll.dll
0x00007ffe955a0000 - 0x00007ffe955b3000 	C:\Program Files\Avast Software\Avast\aswhook.dll
0x00007ffeb61d0000 - 0x00007ffeb628d000 	C:\WINDOWS\System32\KERNEL32.DLL
0x00007ffeb5330000 - 0x00007ffeb55f9000 	C:\WINDOWS\System32\KERNELBASE.dll
0x00007ffeb5a80000 - 0x00007ffeb5b80000 	C:\WINDOWS\System32\ucrtbase.dll
0x00007ffe9b750000 - 0x00007ffe9b768000 	C:\Program Files\Java\jdk-11.0.11\bin\jli.dll
0x00007ffe9a860000 - 0x00007ffe9a875000 	C:\Program Files\Java\jdk-11.0.11\bin\VCRUNTIME140.dll
0x00007ffeb5c50000 - 0x00007ffeb5cfc000 	C:\WINDOWS\System32\ADVAPI32.dll
0x00007ffeb7380000 - 0x00007ffeb741e000 	C:\WINDOWS\System32\msvcrt.dll
0x00007ffeb6370000 - 0x00007ffeb640b000 	C:\WINDOWS\System32\sechost.dll
0x00007ffeb7680000 - 0x00007ffeb77aa000 	C:\WINDOWS\System32\RPCRT4.dll
0x00007ffeb74d0000 - 0x00007ffeb7670000 	C:\WINDOWS\System32\USER32.dll
0x00007ffeb5300000 - 0x00007ffeb5322000 	C:\WINDOWS\System32\win32u.dll
0x00007ffea18a0000 - 0x00007ffea1b3a000 	C:\WINDOWS\WinSxS\amd64_microsoft.windows.common-controls_6595b64144ccf1df_6.0.19041.1110_none_60b5254171f9507e\COMCTL32.dll
0x00007ffeb6a80000 - 0x00007ffeb6aaa000 	C:\WINDOWS\System32\GDI32.dll
0x00007ffeb5690000 - 0x00007ffeb579b000 	C:\WINDOWS\System32\gdi32full.dll
0x00007ffeb5900000 - 0x00007ffeb599d000 	C:\WINDOWS\System32\msvcp_win.dll
0x00007ffeabd30000 - 0x00007ffeabd3a000 	C:\WINDOWS\SYSTEM32\VERSION.dll
0x00007ffeb7350000 - 0x00007ffeb7380000 	C:\WINDOWS\System32\IMM32.DLL
0x00007ffe74bb0000 - 0x00007ffe74c4b000 	C:\Program Files\Java\jdk-11.0.11\bin\msvcp140.dll
0x00007ffe42c00000 - 0x00007ffe436fe000 	C:\Program Files\Java\jdk-11.0.11\bin\server\jvm.dll
0x00007ffeb68c0000 - 0x00007ffeb68c8000 	C:\WINDOWS\System32\PSAPI.DLL
0x00007ffea3000000 - 0x00007ffea3009000 	C:\WINDOWS\SYSTEM32\WSOCK32.dll
0x00007ffea16c0000 - 0x00007ffea16e7000 	C:\WINDOWS\SYSTEM32\WINMM.dll
0x00007ffeb6ab0000 - 0x00007ffeb6b1b000 	C:\WINDOWS\System32\WS2_32.dll
0x00007ffeb3bc0000 - 0x00007ffeb3bd2000 	C:\WINDOWS\SYSTEM32\kernel.appcore.dll
0x00007ffe9ad00000 - 0x00007ffe9ad10000 	C:\Program Files\Java\jdk-11.0.11\bin\verify.dll
0x00007ffeb3880000 - 0x00007ffeb3a64000 	C:\WINDOWS\SYSTEM32\DBGHELP.DLL
0x00007ffea8f70000 - 0x00007ffea8f9c000 	C:\WINDOWS\SYSTEM32\dbgcore.DLL
0x00007ffeb5600000 - 0x00007ffeb5683000 	C:\WINDOWS\System32\bcryptPrimitives.dll
0x00007ffe9a830000 - 0x00007ffe9a858000 	C:\Program Files\Java\jdk-11.0.11\bin\java.dll
0x00007ffe9a3f0000 - 0x00007ffe9a3fa000 	C:\Program Files\Java\jdk-11.0.11\bin\jimage.dll
0x00007ffe98260000 - 0x00007ffe98276000 	C:\Program Files\Java\jdk-11.0.11\bin\zip.dll
0x00007ffeb6b20000 - 0x00007ffeb725f000 	C:\WINDOWS\System32\SHELL32.dll
0x00007ffeb3010000 - 0x00007ffeb37a1000 	C:\WINDOWS\SYSTEM32\windows.storage.dll
0x00007ffeb6560000 - 0x00007ffeb68b5000 	C:\WINDOWS\System32\combase.dll
0x00007ffeb4cb0000 - 0x00007ffeb4cdc000 	C:\WINDOWS\SYSTEM32\Wldp.dll
0x00007ffeb7420000 - 0x00007ffeb74ce000 	C:\WINDOWS\System32\SHCORE.dll
0x00007ffeb7880000 - 0x00007ffeb78d5000 	C:\WINDOWS\System32\shlwapi.dll
0x00007ffeb51f0000 - 0x00007ffeb520f000 	C:\WINDOWS\SYSTEM32\profapi.dll
0x00007ffe92160000 - 0x00007ffe92179000 	C:\Program Files\Java\jdk-11.0.11\bin\net.dll
0x00007ffea4bd0000 - 0x00007ffea4cda000 	C:\WINDOWS\SYSTEM32\WINHTTP.dll
0x00007ffeb49b0000 - 0x00007ffeb4a1a000 	C:\WINDOWS\system32\mswsock.dll
0x00007ffe91fc0000 - 0x00007ffe91fd2000 	C:\Program Files\Java\jdk-11.0.11\bin\nio.dll
0x00007ffeb46a0000 - 0x00007ffeb46db000 	C:\WINDOWS\SYSTEM32\IPHLPAPI.DLL
0x00007ffeb7670000 - 0x00007ffeb7678000 	C:\WINDOWS\System32\NSI.dll
0x00007ffeac170000 - 0x00007ffeac187000 	C:\WINDOWS\SYSTEM32\dhcpcsvc6.DLL
0x00007ffeac750000 - 0x00007ffeac76d000 	C:\WINDOWS\SYSTEM32\dhcpcsvc.DLL
0x00007ffeb46e0000 - 0x00007ffeb47ac000 	C:\WINDOWS\SYSTEM32\DNSAPI.dll
0x00007ffead610000 - 0x00007ffead61a000 	C:\Windows\System32\rasadhlp.dll
0x00007ffea3e80000 - 0x00007ffea3eff000 	C:\WINDOWS\System32\fwpuclnt.dll
0x00007ffeb59a0000 - 0x00007ffeb59c7000 	C:\WINDOWS\System32\bcrypt.dll
0x00007ffe9a3d0000 - 0x00007ffe9a3d9000 	C:\Program Files\Java\jdk-11.0.11\bin\management.dll
0x00007ffe98250000 - 0x00007ffe9825b000 	C:\Program Files\Java\jdk-11.0.11\bin\management_ext.dll
0x00007ffe9a680000 - 0x00007ffe9a697000 	C:\WINDOWS\system32\napinsp.dll
0x00007ffe9a660000 - 0x00007ffe9a67b000 	C:\WINDOWS\system32\pnrpnsp.dll
0x00007ffeafd40000 - 0x00007ffeafd55000 	C:\WINDOWS\system32\wshbth.dll
0x00007ffead850000 - 0x00007ffead86d000 	C:\WINDOWS\system32\NLAapi.dll
0x00007ffe9a640000 - 0x00007ffe9a652000 	C:\WINDOWS\System32\winrnr.dll
0x00007ffeb4b90000 - 0x00007ffeb4ba8000 	C:\WINDOWS\SYSTEM32\CRYPTSP.dll
0x00007ffeb4350000 - 0x00007ffeb4384000 	C:\WINDOWS\system32\rsaenh.dll
0x00007ffeb51b0000 - 0x00007ffeb51de000 	C:\WINDOWS\SYSTEM32\USERENV.dll
0x00007ffeb4bb0000 - 0x00007ffeb4bbc000 	C:\WINDOWS\SYSTEM32\CRYPTBASE.dll

dbghelp: loaded successfully - version: 4.0.5 - missing functions: none
symbol engine: initialized successfully - sym options: 0x614 - pdb path: .;C:\Program Files\Java\jdk-11.0.11\bin;C:\WINDOWS\SYSTEM32;C:\Program Files\Avast Software\Avast;C:\WINDOWS\WinSxS\amd64_microsoft.windows.common-controls_6595b64144ccf1df_6.0.19041.1110_none_60b5254171f9507e;C:\Program Files\Java\jdk-11.0.11\bin\server

VM Arguments:
jvm_args: -Dfile.encoding=windows-1250 -Duser.country=PL -Duser.language=pl -Duser.variant 
java_command: com.kodilla.transfersgateway.TransfersGatewayApplication
java_class_path (initial): D:\Pawel\nauka materia³y\kodilla\Mikroserwisy\Zadania\transfers-gateway\transfers-gateway\build\classes\java\main;D:\Pawel\nauka materia³y\kodilla\Mikroserwisy\Zadania\transfers-gateway\transfers-gateway\build\resources\main;C:\Users\pavel\.m2\repository\com\kodilla\commons\0.0.1\commons-0.0.1.jar;C:\Users\pavel\.gradle\caches\modules-2\files-2.1\org.springframework.boot\spring-boot-starter-web\2.3.1.RELEASE\555c4f90141cdbc7637145e413bca0d622ba6796\spring-boot-starter-web-2.3.1.RELEASE.jar;C:\Users\pavel\.gradle\caches\modules-2\files-2.1\org.springframework.cloud\spring-cloud-starter-config\2.2.3.RELEASE\5a80216fe70492b2e1a513893008dbe845267ee8\spring-cloud-starter-config-2.2.3.RELEASE.jar;C:\Users\pavel\.gradle\caches\modules-2\files-2.1\org.springframework.cloud\spring-cloud-starter-netflix-eureka-client\2.2.3.RELEASE\50b69a5904eed350dfa27078f9c97f00c9e35d0b\spring-cloud-starter-netflix-eureka-client-2.2.3.RELEASE.jar;C:\Users\pavel\.gradle\caches\modules-2\files-2.1\org.springframework.cloud\spring-cloud-starter-sleuth\2.2.3.RELEASE\eb2fd13d8215d33c877e4376cd5b3447ef042968\spring-cloud-starter-sleuth-2.2.3.RELEASE.jar;C:\Users\pavel\.gradle\caches\modules-2\files-2.1\org.springframework.cloud\spring-cloud-starter-netflix-ribbon\2.2.3.RELEASE\52dde77efed1bc415246ba9f3a5c0341e3150374\spring-cloud-starter-netflix-ribbon-2.2.3.RELEASE.jar;C:\Users\pavel\.gradle\caches\modules-2\files-2.1\org.springframework.cloud\spring-cloud-starter-netflix-archaius\2.2.3.RELEASE\19b0c1192b491727ab2b5a3bbd74ec766aea9384\spring-cloud-starter-netflix-archaius-2.2.3.RELEASE.jar;C:\Users\pavel\.gradle\caches\modules-2\files-2.1\org.springframework.cloud\spring-cloud-starter-loadbalancer\2.2.3.RELEASE\a9a51db68e1cb18954cad3446858f9e592c42a27\spring-cloud-starter-loadbalancer-2.2.3.RELEASE.jar;C:\Users\pavel\.gradle\caches\modules-2\files-2.1\org.springframework.cloud\spring-cloud-starter\2.2.3.RELEASE\ae835e5a8c03bb8da0f628b9c7d1297d411ceeb5\spring-cloud-sta
Launcher Type: SUN_STANDARD

[Global flags]
     intx CICompilerCount                          = 4                                         {product} {ergonomic}
     uint ConcGCThreads                            = 2                                         {product} {ergonomic}
     uint G1ConcRefinementThreads                  = 8                                         {product} {ergonomic}
   size_t G1HeapRegionSize                         = 1048576                                   {product} {ergonomic}
    uintx GCDrainStackTargetSize                   = 64                                        {product} {ergonomic}
   size_t InitialHeapSize                          = 268435456                                 {product} {ergonomic}
   size_t MarkStackSize                            = 4194304                                   {product} {ergonomic}
   size_t MaxHeapSize                              = 4269801472                                {product} {ergonomic}
   size_t MaxNewSize                               = 2561671168                                {product} {ergonomic}
   size_t MinHeapDeltaBytes                        = 1048576                                   {product} {ergonomic}
    uintx NonNMethodCodeHeapSize                   = 5836300                                {pd product} {ergonomic}
    uintx NonProfiledCodeHeapSize                  = 122910970                              {pd product} {ergonomic}
    uintx ProfiledCodeHeapSize                     = 122910970                              {pd product} {ergonomic}
    uintx ReservedCodeCacheSize                    = 251658240                              {pd product} {ergonomic}
     bool SegmentedCodeCache                       = true                                      {product} {ergonomic}
     bool UseCompressedClassPointers               = true                                 {lp64_product} {ergonomic}
     bool UseCompressedOops                        = true                                 {lp64_product} {ergonomic}
     bool UseG1GC                                  = true                                      {product} {ergonomic}
     bool UseLargePagesIndividualAllocation        = false                                  {pd product} {ergonomic}

Logging:
Log output configuration:
 #0: stdout all=warning uptime,level,tags
 #1: stderr all=off uptime,level,tags

Environment Variables:
PATH=C:\Program Files\Common Files\Oracle\Java\javapath;C:\WINDOWS\system32;C:\WINDOWS;C:\WINDOWS\System32\Wbem;C:\WINDOWS\System32\WindowsPowerShell\v1.0\;C:\WINDOWS\System32\OpenSSH\;C:\Program Files\Git\cmd;c:\Program Files (x86)\Acustica\Framework\;c:\Program Files\Acustica\Framework\;C:\Program Files\nodejs\;C:\Program Files\MySQL\MySQL Shell 8.0\bin\;C:\Users\pavel\AppData\Local\Microsoft\WindowsApps;C:\Program Files\JetBrains\IntelliJ IDEA Community Edition 2020.3.2\bin;;C:\Users\pavel\AppData\Local\Programs\Microsoft VS Code\bin;C:\Users\pavel\AppData\Roaming\npm;C:\Gradle\gradle-7.1.1\bin;C:\Users\pavel\AppData\Local\GitHubDesktop\bin
USERNAME=pavel
OS=Windows_NT
PROCESSOR_IDENTIFIER=Intel64 Family 6 Model 142 Stepping 10, GenuineIntel



---------------  S Y S T E M  ---------------

OS: Windows 10 , 64 bit Build 19041 (10.0.19041.1023)

CPU:total 8 (initial active 8) (4 cores per cpu, 2 threads per core) family 6 model 142 stepping 10 microcode 0xe0, cmov, cx8, fxsr, mmx, sse, sse2, sse3, ssse3, sse4.1, sse4.2, popcnt, avx, avx2, aes, clmul, erms, 3dnowpref, lzcnt, ht, tsc, tscinvbit, bmi1, bmi2, adx, fma

Memory: 4k page, system-wide physical 16281M (2358M free)
TotalPageFile size 29563M (AvailPageFile size 25M)
current process WorkingSet (physical memory assigned to process): 337M, peak: 340M
current process commit charge ("private bytes"): 460M, peak: 514M

vm_info: Java HotSpot(TM) 64-Bit Server VM (11.0.11+9-LTS-194) for windows-amd64 JRE (11.0.11+9-LTS-194), built on Mar 18 2021 18:46:53 by "mach5one" with MS VC++ 15.9 (VS2017)

END.
