#
# There is insufficient memory for the Java Runtime Environment to continue.
# Native memory allocation (mmap) failed to map 268435456 bytes for Failed to commit area from 0x0000000701800000 to 0x0000000711800000 of length 268435456.
# Possible reasons:
#   The system is out of physical RAM or swap space
#   The process is running with CompressedOops enabled, and the Java Heap may be blocking the growth of the native heap
# Possible solutions:
#   Reduce memory load on the system
#   Increase physical memory or swap space
#   Check if swap backing store is full
#   Decrease Java heap size (-Xmx/-Xms)
#   Decrease number of Java threads
#   Decrease Java thread stack sizes (-Xss)
#   Set larger code cache with -XX:ReservedCodeCacheSize=
# This output file may be truncated or incomplete.
#
#  Out of Memory Error (./open/src/hotspot/os/windows/os_windows.cpp:3273), pid=12372, tid=24616
#
# JRE version:  (11.0.11+9) (build )
# Java VM: Java HotSpot(TM) 64-Bit Server VM (11.0.11+9-LTS-194, mixed mode, sharing, tiered, compressed oops, g1 gc, windows-amd64)
# No core dump will be written. Minidumps are not enabled by default on client versions of Windows
#

---------------  S U M M A R Y ------------

Command Line: 

Host: Intel(R) Core(TM) i7-8550U CPU @ 1.80GHz, 8 cores, 15G,  Windows 10 , 64 bit Build 19041 (10.0.19041.1023)
Time: Tue Aug 10 12:50:42 2021 Œrodkowoeuropejski czas letni elapsed time: 0.014734 seconds (0d 0h 0m 0s)

---------------  T H R E A D  ---------------

Current thread (0x000002074b8ca800):  JavaThread "Unknown thread" [_thread_in_vm, id=24616, stack(0x000000f89c300000,0x000000f89c400000)]

Stack: [0x000000f89c300000,0x000000f89c400000]
Native frames: (J=compiled Java code, j=interpreted, Vv=VM code, C=native code)
V  [jvm.dll+0x616f2a]
V  [jvm.dll+0x74de7f]
V  [jvm.dll+0x74f505]
V  [jvm.dll+0x74fb83]
V  [jvm.dll+0x2436d8]
V  [jvm.dll+0x61431a]
V  [jvm.dll+0x6090f5]
V  [jvm.dll+0x2f7eec]
V  [jvm.dll+0x2f7d72]
V  [jvm.dll+0x2fca26]
V  [jvm.dll+0x33efef]
V  [jvm.dll+0x33ea20]
V  [jvm.dll+0x2d5608]
V  [jvm.dll+0x2d6766]
V  [jvm.dll+0x7299e7]
V  [jvm.dll+0x72b28f]
V  [jvm.dll+0x34bd39]
V  [jvm.dll+0x70f360]
V  [jvm.dll+0x3b50df]
V  [jvm.dll+0x3b71e1]
C  [jli.dll+0x520b]
C  [ucrtbase.dll+0x21bb2]
C  [KERNEL32.DLL+0x17034]
C  [ntdll.dll+0x52651]


---------------  P R O C E S S  ---------------

Threads class SMR info:
_java_thread_list=0x00000207496bfbd0, length=0, elements={
}

Java Threads: ( => current thread )

Other Threads:
  0x000002074b8e0000 GCTaskThread "GC Thread#0" [stack: 0x000000f89c400000,0x000000f89c500000] [id=9900]
  0x000002074b93d800 ConcurrentGCThread "G1 Main Marker" [stack: 0x000000f89c500000,0x000000f89c600000] [id=24488]
  0x000002074b93f000 ConcurrentGCThread "G1 Conc#0" [stack: 0x000000f89c600000,0x000000f89c700000] [id=19716]

[error occurred during error reporting (printing all threads), id 0xc0000005, EXCEPTION_ACCESS_VIOLATION (0xc0000005) at pc=0x00007ffe42ee4857]

VM state:not at safepoint (not fully initialized)

VM Mutex/Monitor currently owned by a thread:  ([mutex/lock_event])
[0x000002074b8c7620] Heap_lock - owner thread: 0x000002074b8ca800

Heap address: 0x0000000701800000, size: 4072 MB, Compressed Oops mode: Non-zero based: 0x0000000701800000
Narrow klass base: 0x0000000000000000, Narrow klass shift: 0

GC Heap History (0 events):
No events

Deoptimization events (0 events):
No events

Classes redefined (0 events):
No events

Internal exceptions (0 events):
No events

Events (0 events):
No events


Dynamic libraries:
0x00007ff7b7bb0000 - 0x00007ff7b7bbf000 	C:\Program Files\Java\jdk-11.0.11\bin\java.exe
0x00007ffeb7b70000 - 0x00007ffeb7d65000 	C:\WINDOWS\SYSTEM32\ntdll.dll
0x00007ffe955a0000 - 0x00007ffe955b3000 	C:\Program Files\Avast Software\Avast\aswhook.dll
0x00007ffeb61d0000 - 0x00007ffeb628d000 	C:\WINDOWS\System32\KERNEL32.DLL
0x00007ffeb5330000 - 0x00007ffeb55f9000 	C:\WINDOWS\System32\KERNELBASE.dll
0x00007ffeb5a80000 - 0x00007ffeb5b80000 	C:\WINDOWS\System32\ucrtbase.dll
0x00007ffe9b750000 - 0x00007ffe9b768000 	C:\Program Files\Java\jdk-11.0.11\bin\jli.dll
0x00007ffe9a860000 - 0x00007ffe9a875000 	C:\Program Files\Java\jdk-11.0.11\bin\VCRUNTIME140.dll
0x00007ffeb5c50000 - 0x00007ffeb5cfc000 	C:\WINDOWS\System32\ADVAPI32.dll
0x00007ffeb7380000 - 0x00007ffeb741e000 	C:\WINDOWS\System32\msvcrt.dll
0x00007ffeb6370000 - 0x00007ffeb640b000 	C:\WINDOWS\System32\sechost.dll
0x00007ffeb7680000 - 0x00007ffeb77aa000 	C:\WINDOWS\System32\RPCRT4.dll
0x00007ffeb74d0000 - 0x00007ffeb7670000 	C:\WINDOWS\System32\USER32.dll
0x00007ffeb5300000 - 0x00007ffeb5322000 	C:\WINDOWS\System32\win32u.dll
0x00007ffea18a0000 - 0x00007ffea1b3a000 	C:\WINDOWS\WinSxS\amd64_microsoft.windows.common-controls_6595b64144ccf1df_6.0.19041.1110_none_60b5254171f9507e\COMCTL32.dll
0x00007ffeb6a80000 - 0x00007ffeb6aaa000 	C:\WINDOWS\System32\GDI32.dll
0x00007ffeb5690000 - 0x00007ffeb579b000 	C:\WINDOWS\System32\gdi32full.dll
0x00007ffeb5900000 - 0x00007ffeb599d000 	C:\WINDOWS\System32\msvcp_win.dll
0x00007ffeabd30000 - 0x00007ffeabd3a000 	C:\WINDOWS\SYSTEM32\VERSION.dll
0x00007ffeb7350000 - 0x00007ffeb7380000 	C:\WINDOWS\System32\IMM32.DLL
0x00007ffe74bb0000 - 0x00007ffe74c4b000 	C:\Program Files\Java\jdk-11.0.11\bin\msvcp140.dll
0x00007ffe42c00000 - 0x00007ffe436fe000 	C:\Program Files\Java\jdk-11.0.11\bin\server\jvm.dll
0x00007ffeb68c0000 - 0x00007ffeb68c8000 	C:\WINDOWS\System32\PSAPI.DLL
0x00007ffea3000000 - 0x00007ffea3009000 	C:\WINDOWS\SYSTEM32\WSOCK32.dll
0x00007ffeb6ab0000 - 0x00007ffeb6b1b000 	C:\WINDOWS\System32\WS2_32.dll
0x00007ffea16c0000 - 0x00007ffea16e7000 	C:\WINDOWS\SYSTEM32\WINMM.dll
0x00007ffeb3bc0000 - 0x00007ffeb3bd2000 	C:\WINDOWS\SYSTEM32\kernel.appcore.dll
0x00007ffe9ad00000 - 0x00007ffe9ad10000 	C:\Program Files\Java\jdk-11.0.11\bin\verify.dll
0x00007ffeb3880000 - 0x00007ffeb3a64000 	C:\WINDOWS\SYSTEM32\DBGHELP.DLL
0x00007ffea8f70000 - 0x00007ffea8f9c000 	C:\WINDOWS\SYSTEM32\dbgcore.DLL
0x00007ffeb5600000 - 0x00007ffeb5683000 	C:\WINDOWS\System32\bcryptPrimitives.dll
0x00007ffe9a830000 - 0x00007ffe9a858000 	C:\Program Files\Java\jdk-11.0.11\bin\java.dll
0x00007ffe9a3f0000 - 0x00007ffe9a3fa000 	C:\Program Files\Java\jdk-11.0.11\bin\jimage.dll
0x00007ffe98260000 - 0x00007ffe98276000 	C:\Program Files\Java\jdk-11.0.11\bin\zip.dll

dbghelp: loaded successfully - version: 4.0.5 - missing functions: none
symbol engine: initialized successfully - sym options: 0x614 - pdb path: .;C:\Program Files\Java\jdk-11.0.11\bin;C:\WINDOWS\SYSTEM32;C:\Program Files\Avast Software\Avast;C:\WINDOWS\WinSxS\amd64_microsoft.windows.common-controls_6595b64144ccf1df_6.0.19041.1110_none_60b5254171f9507e;C:\Program Files\Java\jdk-11.0.11\bin\server

VM Arguments:
java_command: <unknown>
java_class_path (initial): <not set>
Launcher Type: SUN_STANDARD

[Global flags]
     intx CICompilerCount                          = 4                                         {product} {ergonomic}
     uint ConcGCThreads                            = 2                                         {product} {ergonomic}
     uint G1ConcRefinementThreads                  = 8                                         {product} {ergonomic}
   size_t G1HeapRegionSize                         = 1048576                                   {product} {ergonomic}
    uintx GCDrainStackTargetSize                   = 64                                        {product} {ergonomic}
   size_t InitialHeapSize                          = 268435456                                 {product} {ergonomic}
   size_t MarkStackSize                            = 4194304                                   {product} {ergonomic}
   size_t MaxHeapSize                              = 4269801472                                {product} {ergonomic}
   size_t MinHeapDeltaBytes                        = 1048576                                   {product} {ergonomic}
    uintx NonNMethodCodeHeapSize                   = 5836300                                {pd product} {ergonomic}
    uintx NonProfiledCodeHeapSize                  = 122910970                              {pd product} {ergonomic}
    uintx ProfiledCodeHeapSize                     = 122910970                              {pd product} {ergonomic}
    uintx ReservedCodeCacheSize                    = 251658240                              {pd product} {ergonomic}
     bool SegmentedCodeCache                       = true                                      {product} {ergonomic}
     bool UseCompressedClassPointers               = true                                 {lp64_product} {ergonomic}
     bool UseCompressedOops                        = true                                 {lp64_product} {ergonomic}
     bool UseG1GC                                  = true                                      {product} {ergonomic}
     bool UseLargePagesIndividualAllocation        = false                                  {pd product} {ergonomic}

Logging:
Log output configuration:
 #0: stdout all=warning uptime,level,tags
 #1: stderr all=off uptime,level,tags

Environment Variables:
PATH=C:\Program Files\Common Files\Oracle\Java\javapath;C:\WINDOWS\system32;C:\WINDOWS;C:\WINDOWS\System32\Wbem;C:\WINDOWS\System32\WindowsPowerShell\v1.0\;C:\WINDOWS\System32\OpenSSH\;C:\Program Files\Git\cmd;c:\Program Files (x86)\Acustica\Framework\;c:\Program Files\Acustica\Framework\;C:\Program Files\nodejs\;C:\Program Files\MySQL\MySQL Shell 8.0\bin\;C:\Users\pavel\AppData\Local\Microsoft\WindowsApps;C:\Program Files\JetBrains\IntelliJ IDEA Community Edition 2020.3.2\bin;;C:\Users\pavel\AppData\Local\Programs\Microsoft VS Code\bin;C:\Users\pavel\AppData\Roaming\npm;C:\Gradle\gradle-7.1.1\bin;C:\Users\pavel\AppData\Local\GitHubDesktop\bin
USERNAME=pavel
OS=Windows_NT
PROCESSOR_IDENTIFIER=Intel64 Family 6 Model 142 Stepping 10, GenuineIntel



---------------  S Y S T E M  ---------------

OS: Windows 10 , 64 bit Build 19041 (10.0.19041.1023)

CPU:total 8 (initial active 8) (4 cores per cpu, 2 threads per core) family 6 model 142 stepping 10 microcode 0xe0, cmov, cx8, fxsr, mmx, sse, sse2, sse3, ssse3, sse4.1, sse4.2, popcnt, avx, avx2, aes, clmul, erms, 3dnowpref, lzcnt, ht, tsc, tscinvbit, bmi1, bmi2, adx, fma

Memory: 4k page, system-wide physical 16281M (2612M free)
TotalPageFile size 29563M (AvailPageFile size 211M)
current process WorkingSet (physical memory assigned to process): 10M, peak: 10M
current process commit charge ("private bytes"): 61M, peak: 317M

vm_info: Java HotSpot(TM) 64-Bit Server VM (11.0.11+9-LTS-194) for windows-amd64 JRE (11.0.11+9-LTS-194), built on Mar 18 2021 18:46:53 by "mach5one" with MS VC++ 15.9 (VS2017)

END.
